This is pdfTeX, Version 3.14159265-2.6-1.40.18 (TeX Live 2017/W32TeX) (preloaded format=pdflatex 2017.9.19)  8 DEC 2017 13:25
entering extended mode
 restricted \write18 enabled.
 %&-line parsing enabled.
**./report.tex
(./report.tex
LaTeX2e <2017-04-15>
Babel <3.12> and hyphenation patterns for 84 language(s) loaded.
(d:/texlive/2017/texmf-dist/tex/latex/base/article.cls
Document Class: article 2014/09/29 v1.4h Standard LaTeX document class
(d:/texlive/2017/texmf-dist/tex/latex/base/size10.clo
File: size10.clo 2014/09/29 v1.4h Standard LaTeX file (size option)
)
\c@part=\count79
\c@section=\count80
\c@subsection=\count81
\c@subsubsection=\count82
\c@paragraph=\count83
\c@subparagraph=\count84
\c@figure=\count85
\c@table=\count86
\abovecaptionskip=\skip41
\belowcaptionskip=\skip42
\bibindent=\dimen102
)
(d:/texlive/2017/texmf-dist/tex/latex/pdfpages/pdfpages.sty
Package: pdfpages 2017/08/14 v0.5k Insert pages of external PDF documents (AM)

(d:/texlive/2017/texmf-dist/tex/latex/base/ifthen.sty
Package: ifthen 2014/09/29 v1.1c Standard LaTeX ifthen package (DPC)
)
(d:/texlive/2017/texmf-dist/tex/latex/tools/calc.sty
Package: calc 2014/10/28 v4.3 Infix arithmetic (KKT,FJ)
\calc@Acount=\count87
\calc@Bcount=\count88
\calc@Adimen=\dimen103
\calc@Bdimen=\dimen104
\calc@Askip=\skip43
\calc@Bskip=\skip44
LaTeX Info: Redefining \setlength on input line 80.
LaTeX Info: Redefining \addtolength on input line 81.
\calc@Ccount=\count89
\calc@Cskip=\skip45
)
(d:/texlive/2017/texmf-dist/tex/latex/eso-pic/eso-pic.sty
Package: eso-pic 2015/07/21 v2.0g eso-pic (RN)

(d:/texlive/2017/texmf-dist/tex/generic/oberdiek/atbegshi.sty
Package: atbegshi 2016/06/09 v1.18 At begin shipout hook (HO)

(d:/texlive/2017/texmf-dist/tex/generic/oberdiek/infwarerr.sty
Package: infwarerr 2016/05/16 v1.4 Providing info/warning/error messages (HO)
)
(d:/texlive/2017/texmf-dist/tex/generic/oberdiek/ltxcmds.sty
Package: ltxcmds 2016/05/16 v1.23 LaTeX kernel commands for general use (HO)
)
(d:/texlive/2017/texmf-dist/tex/generic/oberdiek/ifpdf.sty
Package: ifpdf 2017/03/15 v3.2 Provides the ifpdf switch
))
(d:/texlive/2017/texmf-dist/tex/latex/graphics/keyval.sty
Package: keyval 2014/10/28 v1.15 key=value parser (DPC)
\KV@toks@=\toks14
)
(d:/texlive/2017/texmf-dist/tex/latex/xcolor/xcolor.sty
Package: xcolor 2016/05/11 v2.12 LaTeX color extensions (UK)

(d:/texlive/2017/texmf-dist/tex/latex/graphics-cfg/color.cfg
File: color.cfg 2016/01/02 v1.6 sample color configuration
)
Package xcolor Info: Driver file: pdftex.def on input line 225.

(d:/texlive/2017/texmf-dist/tex/latex/graphics-def/pdftex.def
File: pdftex.def 2017/06/24 v1.0g Graphics/color driver for pdftex
)
Package xcolor Info: Model `cmy' substituted by `cmy0' on input line 1348.
Package xcolor Info: Model `hsb' substituted by `rgb' on input line 1352.
Package xcolor Info: Model `RGB' extended on input line 1364.
Package xcolor Info: Model `HTML' substituted by `rgb' on input line 1366.
Package xcolor Info: Model `Hsb' substituted by `hsb' on input line 1367.
Package xcolor Info: Model `tHsb' substituted by `hsb' on input line 1368.
Package xcolor Info: Model `HSB' substituted by `hsb' on input line 1369.
Package xcolor Info: Model `Gray' substituted by `gray' on input line 1370.
Package xcolor Info: Model `wave' substituted by `hsb' on input line 1371.
))
(d:/texlive/2017/texmf-dist/tex/latex/graphics/graphicx.sty
Package: graphicx 2017/06/01 v1.1a Enhanced LaTeX Graphics (DPC,SPQR)

(d:/texlive/2017/texmf-dist/tex/latex/graphics/graphics.sty
Package: graphics 2017/06/25 v1.2c Standard LaTeX Graphics (DPC,SPQR)

(d:/texlive/2017/texmf-dist/tex/latex/graphics/trig.sty
Package: trig 2016/01/03 v1.10 sin cos tan (DPC)
)
(d:/texlive/2017/texmf-dist/tex/latex/graphics-cfg/graphics.cfg
File: graphics.cfg 2016/06/04 v1.11 sample graphics configuration
)
Package graphics Info: Driver file: pdftex.def on input line 99.
)
\Gin@req@height=\dimen105
\Gin@req@width=\dimen106
)
\AM@pagewidth=\dimen107
\AM@pageheight=\dimen108

(d:/texlive/2017/texmf-dist/tex/latex/pdfpages/pppdftex.def
File: pppdftex.def 2017/08/14 v0.5k Pdfpages driver for pdfTeX (AM)
)
\AM@pagebox=\box26
\AM@global@opts=\toks15
\AM@toc@title=\toks16
\c@AM@survey=\count90
\AM@templatesizebox=\box27
) (./report.aux)
\openout1 = `report.aux'.

LaTeX Font Info:    Checking defaults for OML/cmm/m/it on input line 6.
LaTeX Font Info:    ... okay on input line 6.
LaTeX Font Info:    Checking defaults for T1/cmr/m/n on input line 6.
LaTeX Font Info:    ... okay on input line 6.
LaTeX Font Info:    Checking defaults for OT1/cmr/m/n on input line 6.
LaTeX Font Info:    ... okay on input line 6.
LaTeX Font Info:    Checking defaults for OMS/cmsy/m/n on input line 6.
LaTeX Font Info:    ... okay on input line 6.
LaTeX Font Info:    Checking defaults for OMX/cmex/m/n on input line 6.
LaTeX Font Info:    ... okay on input line 6.
LaTeX Font Info:    Checking defaults for U/cmr/m/n on input line 6.
LaTeX Font Info:    ... okay on input line 6.
\AtBeginShipoutBox=\box28

(d:/texlive/2017/texmf-dist/tex/context/base/mkii/supp-pdf.mkii
[Loading MPS to PDF converter (version 2006.09.02).]
\scratchcounter=\count91
\scratchdimen=\dimen109
\scratchbox=\box29
\nofMPsegments=\count92
\nofMParguments=\count93
\everyMPshowfont=\toks17
\MPscratchCnt=\count94
\MPscratchDim=\dimen110
\MPnumerator=\count95
\makeMPintoPDFobject=\count96
\everyMPtoPDFconversion=\toks18
) (d:/texlive/2017/texmf-dist/tex/latex/oberdiek/epstopdf-base.sty
Package: epstopdf-base 2016/05/15 v2.6 Base part for package epstopdf

(d:/texlive/2017/texmf-dist/tex/latex/oberdiek/grfext.sty
Package: grfext 2016/05/16 v1.2 Manage graphics extensions (HO)

(d:/texlive/2017/texmf-dist/tex/generic/oberdiek/kvdefinekeys.sty
Package: kvdefinekeys 2016/05/16 v1.4 Define keys (HO)
))
(d:/texlive/2017/texmf-dist/tex/latex/oberdiek/kvoptions.sty
Package: kvoptions 2016/05/16 v3.12 Key value format for package options (HO)

(d:/texlive/2017/texmf-dist/tex/generic/oberdiek/kvsetkeys.sty
Package: kvsetkeys 2016/05/16 v1.17 Key value parser (HO)

(d:/texlive/2017/texmf-dist/tex/generic/oberdiek/etexcmds.sty
Package: etexcmds 2016/05/16 v1.6 Avoid name clashes with e-TeX commands (HO)

(d:/texlive/2017/texmf-dist/tex/generic/oberdiek/ifluatex.sty
Package: ifluatex 2016/05/16 v1.4 Provides the ifluatex switch (HO)
Package ifluatex Info: LuaTeX not detected.
)
Package etexcmds Info: Could not find \expanded.
(etexcmds)             That can mean that you are not using pdfTeX 1.50 or
(etexcmds)             that some package has redefined \expanded.
(etexcmds)             In the latter case, load this package earlier.
)))
(d:/texlive/2017/texmf-dist/tex/generic/oberdiek/pdftexcmds.sty
Package: pdftexcmds 2017/03/19 v0.25 Utility functions of pdfTeX for LuaTeX (HO
)
Package pdftexcmds Info: LuaTeX not detected.
Package pdftexcmds Info: \pdf@primitive is available.
Package pdftexcmds Info: \pdf@ifprimitive is available.
Package pdftexcmds Info: \pdfdraftmode found.
)
Package epstopdf-base Info: Redefining graphics rule for `.eps' on input line 4
38.
Package grfext Info: Graphics extension search list:
(grfext)             [.pdf,.png,.jpg,.mps,.jpeg,.jbig2,.jb2,.PDF,.PNG,.JPG,.JPE
G,.JBIG2,.JB2,.eps]
(grfext)             \AppendGraphicsExtensions on input line 456.

(d:/texlive/2017/texmf-dist/tex/latex/latexconfig/epstopdf-sys.cfg
File: epstopdf-sys.cfg 2010/07/13 v1.3 Configuration of (r)epstopdf for TeX Liv
e
))
(d:/texlive/2017/texmf-dist/tex/latex/oberdiek/pdflscape.sty
Package: pdflscape 2016/05/14 v0.11 Display of landscape pages in PDF (HO)

(d:/texlive/2017/texmf-dist/tex/latex/graphics/lscape.sty
Package: lscape 2000/10/22 v3.01 Landscape Pages (DPC)
)
Package pdflscape Info: Auto-detected driver: pdftex on input line 81.

(d:/texlive/2017/texmf-dist/tex/generic/ifxetex/ifxetex.sty
Package: ifxetex 2010/09/12 v0.6 Provides ifxetex conditional
))

pdfTeX warning: pdflatex.exe (file ./cover_sheet.pdf): PDF inclusion: found PDF
 version <1.7>, but at most version <1.5> allowed
<cover_sheet.pdf, id=1, pagebox=cropbox, 614.295pt x 794.97pt>
File: cover_sheet.pdf Graphic file (type pdf)
<use cover_sheet.pdf>
Package pdftex.def Info: cover_sheet.pdf  used on input line 8. on input line 8
.
Package pdftex.def Info: Requested size: 614.29349pt x 794.96806pt on input lin
e 8.


pdfTeX warning: pdflatex.exe (file ./cover_sheet.pdf): PDF inclusion: found PDF
 version <1.7>, but at most version <1.5> allowed
File: cover_sheet.pdf Graphic file (type pdf)
<use cover_sheet.pdf>
Package pdftex.def Info: cover_sheet.pdf  used on input line 8. on input line 8
.
Package pdftex.def Info: Requested size: 614.29349pt x 794.96806pt on input lin
e 8.


pdfTeX warning: pdflatex.exe (file ./cover_sheet.pdf): PDF inclusion: found PDF
 version <1.7>, but at most version <1.5> allowed


pdfTeX warning: pdflatex.exe (file ./cover_sheet.pdf): PDF inclusion: found PDF
 version <1.7>, but at most version <1.5> allowed
<cover_sheet.pdf, id=4, page=1, pagebox=cropbox, 614.295pt x 794.97pt>
File: cover_sheet.pdf Graphic file (type pdf)
<use cover_sheet.pdf, page 1>
Package pdftex.def Info: cover_sheet.pdf , page1 used on input line 8. on input
 line 8.
Package pdftex.def Info: Requested size: 614.29349pt x 794.96806pt on input lin
e 8.
File: cover_sheet.pdf Graphic file (type pdf)
<use cover_sheet.pdf, page 1>
Package pdftex.def Info: cover_sheet.pdf , page1 used on input line 8. on input
 line 8.
Package pdftex.def Info: Requested size: 614.58406pt x 795.3441pt on input line
 8.
File: cover_sheet.pdf Graphic file (type pdf)
<use cover_sheet.pdf, page 1>
Package pdftex.def Info: cover_sheet.pdf , page1 used on input line 8. on input
 line 8.
Package pdftex.def Info: Requested size: 614.58406pt x 795.3441pt on input line
 8.
File: cover_sheet.pdf Graphic file (type pdf)
<use cover_sheet.pdf, page 1>
Package pdftex.def Info: cover_sheet.pdf , page1 used on input line 8. on input
 line 8.
Package pdftex.def Info: Requested size: 614.58406pt x 795.3441pt on input line
 8.
File: cover_sheet.pdf Graphic file (type pdf)
<use cover_sheet.pdf, page 1>
Package pdftex.def Info: cover_sheet.pdf , page1 used on input line 8. on input
 line 8.
Package pdftex.def Info: Requested size: 614.58406pt x 795.3441pt on input line
 8.
[1

 <./cover_sheet.pdf>]

Package pdfpages Warning: Option `page' is unknow to \includepdf.
(pdfpages)                Did you mean `pages'? (Note the `s'!)
(pdfpages)                OK, I'll proceed as if it were `pages'.

<abstract+description.pdf, id=36, pagebox=cropbox, 614.295pt x 794.97pt>
File: abstract+description.pdf Graphic file (type pdf)
<use abstract+description.pdf>
Package pdftex.def Info: abstract+description.pdf  used on input line 11. on in
put line 11.
Package pdftex.def Info: Requested size: 614.29349pt x 794.96806pt on input lin
e 11.
File: abstract+description.pdf Graphic file (type pdf)
<use abstract+description.pdf>
Package pdftex.def Info: abstract+description.pdf  used on input line 11. on in
put line 11.
Package pdftex.def Info: Requested size: 614.29349pt x 794.96806pt on input lin
e 11.
<abstract+description.pdf, id=39, page=1, pagebox=cropbox, 614.295pt x 794.97pt
>
File: abstract+description.pdf Graphic file (type pdf)
<use abstract+description.pdf, page 1>
Package pdftex.def Info: abstract+description.pdf , page1 used on input line 11
. on input line 11.
Package pdftex.def Info: Requested size: 614.29349pt x 794.96806pt on input lin
e 11.
File: abstract+description.pdf Graphic file (type pdf)
<use abstract+description.pdf, page 1>
Package pdftex.def Info: abstract+description.pdf , page1 used on input line 11
. on input line 11.
Package pdftex.def Info: Requested size: 614.58406pt x 795.3441pt on input line
 11.
File: abstract+description.pdf Graphic file (type pdf)
<use abstract+description.pdf, page 1>
Package pdftex.def Info: abstract+description.pdf , page1 used on input line 11
. on input line 11.
Package pdftex.def Info: Requested size: 614.58406pt x 795.3441pt on input line
 11.
File: abstract+description.pdf Graphic file (type pdf)
<use abstract+description.pdf, page 1>
Package pdftex.def Info: abstract+description.pdf , page1 used on input line 11
. on input line 11.
Package pdftex.def Info: Requested size: 614.58406pt x 795.3441pt on input line
 11.
File: abstract+description.pdf Graphic file (type pdf)
<use abstract+description.pdf, page 1>
Package pdftex.def Info: abstract+description.pdf , page1 used on input line 11
. on input line 11.
Package pdftex.def Info: Requested size: 614.58406pt x 795.3441pt on input line
 11.
[2 <./abstract+description.pdf>]
<abstract+description.pdf, id=61, page=2, pagebox=cropbox, 614.295pt x 794.97pt
>
File: abstract+description.pdf Graphic file (type pdf)
<use abstract+description.pdf, page 2>
Package pdftex.def Info: abstract+description.pdf , page2 used on input line 11
. on input line 11.
Package pdftex.def Info: Requested size: 614.58406pt x 795.3441pt on input line
 11.
File: abstract+description.pdf Graphic file (type pdf)
<use abstract+description.pdf, page 2>
Package pdftex.def Info: abstract+description.pdf , page2 used on input line 11
. on input line 11.
Package pdftex.def Info: Requested size: 614.58406pt x 795.3441pt on input line
 11.
File: abstract+description.pdf Graphic file (type pdf)
<use abstract+description.pdf, page 2>
Package pdftex.def Info: abstract+description.pdf , page2 used on input line 11
. on input line 11.
Package pdftex.def Info: Requested size: 614.58406pt x 795.3441pt on input line
 11.
 [3 <./abstract+description.pdf>]
<abstract+description.pdf, id=66, page=3, pagebox=cropbox, 614.295pt x 794.97pt
>
File: abstract+description.pdf Graphic file (type pdf)
<use abstract+description.pdf, page 3>
Package pdftex.def Info: abstract+description.pdf , page3 used on input line 11
. on input line 11.
Package pdftex.def Info: Requested size: 614.58406pt x 795.3441pt on input line
 11.
File: abstract+description.pdf Graphic file (type pdf)
<use abstract+description.pdf, page 3>
Package pdftex.def Info: abstract+description.pdf , page3 used on input line 11
. on input line 11.
Package pdftex.def Info: Requested size: 614.58406pt x 795.3441pt on input line
 11.
File: abstract+description.pdf Graphic file (type pdf)
<use abstract+description.pdf, page 3>
Package pdftex.def Info: abstract+description.pdf , page3 used on input line 11
. on input line 11.
Package pdftex.def Info: Requested size: 614.58406pt x 795.3441pt on input line
 11.
 [4 <./abstract+description.pdf>]
<erd.pdf, id=71, pagebox=cropbox, 1841.88126pt x 1089.06876pt>
File: erd.pdf Graphic file (type pdf)
<use erd.pdf>
Package pdftex.def Info: erd.pdf  used on input line 14. on input line 14.
Package pdftex.def Info: Requested size: 1841.87679pt x 1089.0661pt on input li
ne 14.
File: erd.pdf Graphic file (type pdf)
<use erd.pdf>
Package pdftex.def Info: erd.pdf  used on input line 14. on input line 14.
Package pdftex.def Info: Requested size: 1841.87679pt x 1089.0661pt on input li
ne 14.
<erd.pdf, id=74, page=1, pagebox=cropbox, 1841.88126pt x 1089.06876pt>
File: erd.pdf Graphic file (type pdf)
<use erd.pdf, page 1>
Package pdftex.def Info: erd.pdf , page1 used on input line 14. on input line 1
4.
Package pdftex.def Info: Requested size: 1841.87679pt x 1089.0661pt on input li
ne 14.
File: erd.pdf Graphic file (type pdf)
<use erd.pdf, page 1>
Package pdftex.def Info: erd.pdf , page1 used on input line 14. on input line 1
4.
Package pdftex.def Info: Requested size: 614.56786pt x 363.38208pt on input lin
e 14.
File: erd.pdf Graphic file (type pdf)
<use erd.pdf, page 1>
Package pdftex.def Info: erd.pdf , page1 used on input line 14. on input line 1
4.
Package pdftex.def Info: Requested size: 614.56786pt x 363.38208pt on input lin
e 14.
File: erd.pdf Graphic file (type pdf)
<use erd.pdf, page 1>
Package pdftex.def Info: erd.pdf , page1 used on input line 14. on input line 1
4.
Package pdftex.def Info: Requested size: 614.56786pt x 363.38208pt on input lin
e 14.
File: erd.pdf Graphic file (type pdf)
<use erd.pdf, page 1>
Package pdftex.def Info: erd.pdf , page1 used on input line 14. on input line 1
4.
Package pdftex.def Info: Requested size: 614.56786pt x 363.38208pt on input lin
e 14.
 [5 <./erd.pdf>]
<logical.pdf, id=81, pagebox=cropbox, 1177.39874pt x 1158.3275pt>
File: logical.pdf Graphic file (type pdf)
<use logical.pdf>
Package pdftex.def Info: logical.pdf  used on input line 17. on input line 17.
Package pdftex.def Info: Requested size: 1177.39587pt x 1158.32468pt on input l
ine 17.
File: logical.pdf Graphic file (type pdf)
<use logical.pdf>
Package pdftex.def Info: logical.pdf  used on input line 17. on input line 17.
Package pdftex.def Info: Requested size: 1177.39587pt x 1158.32468pt on input l
ine 17.
<logical.pdf, id=84, page=1, pagebox=cropbox, 1177.39874pt x 1158.3275pt>
File: logical.pdf Graphic file (type pdf)
<use logical.pdf, page 1>
Package pdftex.def Info: logical.pdf , page1 used on input line 17. on input li
ne 17.
Package pdftex.def Info: Requested size: 1177.39587pt x 1158.32468pt on input l
ine 17.
File: logical.pdf Graphic file (type pdf)
<use logical.pdf, page 1>
Package pdftex.def Info: logical.pdf , page1 used on input line 17. on input li
ne 17.
Package pdftex.def Info: Requested size: 614.49658pt x 604.5431pt on input line
 17.
File: logical.pdf Graphic file (type pdf)
<use logical.pdf, page 1>
Package pdftex.def Info: logical.pdf , page1 used on input line 17. on input li
ne 17.
Package pdftex.def Info: Requested size: 614.49658pt x 604.5431pt on input line
 17.
File: logical.pdf Graphic file (type pdf)
<use logical.pdf, page 1>
Package pdftex.def Info: logical.pdf , page1 used on input line 17. on input li
ne 17.
Package pdftex.def Info: Requested size: 614.49658pt x 604.5431pt on input line
 17.
File: logical.pdf Graphic file (type pdf)
<use logical.pdf, page 1>
Package pdftex.def Info: logical.pdf , page1 used on input line 17. on input li
ne 17.
Package pdftex.def Info: Requested size: 614.49658pt x 604.5431pt on input line
 17.
 [6 <./logical.pdf>]

Package pdfpages Warning: Option `page' is unknow to \includepdf.
(pdfpages)                Did you mean `pages'? (Note the `s'!)
(pdfpages)                OK, I'll proceed as if it were `pages'.



pdfTeX warning: pdflatex.exe (file ./screenshots.pdf): PDF inclusion: found PDF
 version <1.7>, but at most version <1.5> allowed
<screenshots.pdf, id=91, pagebox=cropbox, 614.295pt x 794.97pt>
File: screenshots.pdf Graphic file (type pdf)
<use screenshots.pdf>
Package pdftex.def Info: screenshots.pdf  used on input line 20. on input line 
20.
Package pdftex.def Info: Requested size: 614.29349pt x 794.96806pt on input lin
e 20.


pdfTeX warning: pdflatex.exe (file ./screenshots.pdf): PDF inclusion: found PDF
 version <1.7>, but at most version <1.5> allowed
File: screenshots.pdf Graphic file (type pdf)
<use screenshots.pdf>
Package pdftex.def Info: screenshots.pdf  used on input line 20. on input line 
20.
Package pdftex.def Info: Requested size: 614.29349pt x 794.96806pt on input lin
e 20.


pdfTeX warning: pdflatex.exe (file ./screenshots.pdf): PDF inclusion: found PDF
 version <1.7>, but at most version <1.5> allowed


pdfTeX warning: pdflatex.exe (file ./screenshots.pdf): PDF inclusion: found PDF
 version <1.7>, but at most version <1.5> allowed
<screenshots.pdf, id=94, page=1, pagebox=cropbox, 614.295pt x 794.97pt>
File: screenshots.pdf Graphic file (type pdf)
<use screenshots.pdf, page 1>
Package pdftex.def Info: screenshots.pdf , page1 used on input line 20. on inpu
t line 20.
Package pdftex.def Info: Requested size: 614.29349pt x 794.96806pt on input lin
e 20.
File: screenshots.pdf Graphic file (type pdf)
<use screenshots.pdf, page 1>
Package pdftex.def Info: screenshots.pdf , page1 used on input line 20. on inpu
t line 20.
Package pdftex.def Info: Requested size: 614.58406pt x 795.3441pt on input line
 20.
File: screenshots.pdf Graphic file (type pdf)
<use screenshots.pdf, page 1>
Package pdftex.def Info: screenshots.pdf , page1 used on input line 20. on inpu
t line 20.
Package pdftex.def Info: Requested size: 614.58406pt x 795.3441pt on input line
 20.
File: screenshots.pdf Graphic file (type pdf)
<use screenshots.pdf, page 1>
Package pdftex.def Info: screenshots.pdf , page1 used on input line 20. on inpu
t line 20.
Package pdftex.def Info: Requested size: 614.58406pt x 795.3441pt on input line
 20.
File: screenshots.pdf Graphic file (type pdf)
<use screenshots.pdf, page 1>
Package pdftex.def Info: screenshots.pdf , page1 used on input line 20. on inpu
t line 20.
Package pdftex.def Info: Requested size: 614.58406pt x 795.3441pt on input line
 20.
[7 <./screenshots.pdf>]

pdfTeX warning: pdflatex.exe (file ./screenshots.pdf): PDF inclusion: found PDF
 version <1.7>, but at most version <1.5> allowed
<screenshots.pdf, id=116, page=2, pagebox=cropbox, 614.295pt x 794.97pt>
File: screenshots.pdf Graphic file (type pdf)
<use screenshots.pdf, page 2>
Package pdftex.def Info: screenshots.pdf , page2 used on input line 20. on inpu
t line 20.
Package pdftex.def Info: Requested size: 614.58406pt x 795.3441pt on input line
 20.
File: screenshots.pdf Graphic file (type pdf)
<use screenshots.pdf, page 2>
Package pdftex.def Info: screenshots.pdf , page2 used on input line 20. on inpu
t line 20.
Package pdftex.def Info: Requested size: 614.58406pt x 795.3441pt on input line
 20.
File: screenshots.pdf Graphic file (type pdf)
<use screenshots.pdf, page 2>
Package pdftex.def Info: screenshots.pdf , page2 used on input line 20. on inpu
t line 20.
Package pdftex.def Info: Requested size: 614.58406pt x 795.3441pt on input line
 20.
[8 <./screenshots.pdf>]

pdfTeX warning: pdflatex.exe (file ./screenshots.pdf): PDF inclusion: found PDF
 version <1.7>, but at most version <1.5> allowed
<screenshots.pdf, id=124, page=3, pagebox=cropbox, 614.295pt x 794.97pt>
File: screenshots.pdf Graphic file (type pdf)
<use screenshots.pdf, page 3>
Package pdftex.def Info: screenshots.pdf , page3 used on input line 20. on inpu
t line 20.
Package pdftex.def Info: Requested size: 614.58406pt x 795.3441pt on input line
 20.
File: screenshots.pdf Graphic file (type pdf)
<use screenshots.pdf, page 3>
Package pdftex.def Info: screenshots.pdf , page3 used on input line 20. on inpu
t line 20.
Package pdftex.def Info: Requested size: 614.58406pt x 795.3441pt on input line
 20.
File: screenshots.pdf Graphic file (type pdf)
<use screenshots.pdf, page 3>
Package pdftex.def Info: screenshots.pdf , page3 used on input line 20. on inpu
t line 20.
Package pdftex.def Info: Requested size: 614.58406pt x 795.3441pt on input line
 20.
[9 <./screenshots.pdf>]

pdfTeX warning: pdflatex.exe (file ./screenshots.pdf): PDF inclusion: found PDF
 version <1.7>, but at most version <1.5> allowed
<screenshots.pdf, id=132, page=4, pagebox=cropbox, 614.295pt x 794.97pt>
File: screenshots.pdf Graphic file (type pdf)
<use screenshots.pdf, page 4>
Package pdftex.def Info: screenshots.pdf , page4 used on input line 20. on inpu
t line 20.
Package pdftex.def Info: Requested size: 614.58406pt x 795.3441pt on input line
 20.
File: screenshots.pdf Graphic file (type pdf)
<use screenshots.pdf, page 4>
Package pdftex.def Info: screenshots.pdf , page4 used on input line 20. on inpu
t line 20.
Package pdftex.def Info: Requested size: 614.58406pt x 795.3441pt on input line
 20.
File: screenshots.pdf Graphic file (type pdf)
<use screenshots.pdf, page 4>
Package pdftex.def Info: screenshots.pdf , page4 used on input line 20. on inpu
t line 20.
Package pdftex.def Info: Requested size: 614.58406pt x 795.3441pt on input line
 20.
[10 <./screenshots.pdf>]

pdfTeX warning: pdflatex.exe (file ./screenshots.pdf): PDF inclusion: found PDF
 version <1.7>, but at most version <1.5> allowed
<screenshots.pdf, id=141, page=5, pagebox=cropbox, 614.295pt x 794.97pt>
File: screenshots.pdf Graphic file (type pdf)
<use screenshots.pdf, page 5>
Package pdftex.def Info: screenshots.pdf , page5 used on input line 20. on inpu
t line 20.
Package pdftex.def Info: Requested size: 614.58406pt x 795.3441pt on input line
 20.
File: screenshots.pdf Graphic file (type pdf)
<use screenshots.pdf, page 5>
Package pdftex.def Info: screenshots.pdf , page5 used on input line 20. on inpu
t line 20.
Package pdftex.def Info: Requested size: 614.58406pt x 795.3441pt on input line
 20.
File: screenshots.pdf Graphic file (type pdf)
<use screenshots.pdf, page 5>
Package pdftex.def Info: screenshots.pdf , page5 used on input line 20. on inpu
t line 20.
Package pdftex.def Info: Requested size: 614.58406pt x 795.3441pt on input line
 20.
[11 <./screenshots.pdf>]

pdfTeX warning: pdflatex.exe (file ./screenshots.pdf): PDF inclusion: found PDF
 version <1.7>, but at most version <1.5> allowed
<screenshots.pdf, id=150, page=6, pagebox=cropbox, 614.295pt x 794.97pt>
File: screenshots.pdf Graphic file (type pdf)
<use screenshots.pdf, page 6>
Package pdftex.def Info: screenshots.pdf , page6 used on input line 20. on inpu
t line 20.
Package pdftex.def Info: Requested size: 614.58406pt x 795.3441pt on input line
 20.
File: screenshots.pdf Graphic file (type pdf)
<use screenshots.pdf, page 6>
Package pdftex.def Info: screenshots.pdf , page6 used on input line 20. on inpu
t line 20.
Package pdftex.def Info: Requested size: 614.58406pt x 795.3441pt on input line
 20.
File: screenshots.pdf Graphic file (type pdf)
<use screenshots.pdf, page 6>
Package pdftex.def Info: screenshots.pdf , page6 used on input line 20. on inpu
t line 20.
Package pdftex.def Info: Requested size: 614.58406pt x 795.3441pt on input line
 20.
[12 <./screenshots.pdf>]

pdfTeX warning: pdflatex.exe (file ./screenshots.pdf): PDF inclusion: found PDF
 version <1.7>, but at most version <1.5> allowed
<screenshots.pdf, id=158, page=7, pagebox=cropbox, 614.295pt x 794.97pt>
File: screenshots.pdf Graphic file (type pdf)
<use screenshots.pdf, page 7>
Package pdftex.def Info: screenshots.pdf , page7 used on input line 20. on inpu
t line 20.
Package pdftex.def Info: Requested size: 614.58406pt x 795.3441pt on input line
 20.
File: screenshots.pdf Graphic file (type pdf)
<use screenshots.pdf, page 7>
Package pdftex.def Info: screenshots.pdf , page7 used on input line 20. on inpu
t line 20.
Package pdftex.def Info: Requested size: 614.58406pt x 795.3441pt on input line
 20.
File: screenshots.pdf Graphic file (type pdf)
<use screenshots.pdf, page 7>
Package pdftex.def Info: screenshots.pdf , page7 used on input line 20. on inpu
t line 20.
Package pdftex.def Info: Requested size: 614.58406pt x 795.3441pt on input line
 20.
[13 <./screenshots.pdf>]

pdfTeX warning: pdflatex.exe (file ./screenshots.pdf): PDF inclusion: found PDF
 version <1.7>, but at most version <1.5> allowed
<screenshots.pdf, id=171, page=8, pagebox=cropbox, 614.295pt x 794.97pt>
File: screenshots.pdf Graphic file (type pdf)
<use screenshots.pdf, page 8>
Package pdftex.def Info: screenshots.pdf , page8 used on input line 20. on inpu
t line 20.
Package pdftex.def Info: Requested size: 614.58406pt x 795.3441pt on input line
 20.
File: screenshots.pdf Graphic file (type pdf)
<use screenshots.pdf, page 8>
Package pdftex.def Info: screenshots.pdf , page8 used on input line 20. on inpu
t line 20.
Package pdftex.def Info: Requested size: 614.58406pt x 795.3441pt on input line
 20.
File: screenshots.pdf Graphic file (type pdf)
<use screenshots.pdf, page 8>
Package pdftex.def Info: screenshots.pdf , page8 used on input line 20. on inpu
t line 20.
Package pdftex.def Info: Requested size: 614.58406pt x 795.3441pt on input line
 20.
[14 <./screenshots.pdf>]

pdfTeX warning: pdflatex.exe (file ./screenshots.pdf): PDF inclusion: found PDF
 version <1.7>, but at most version <1.5> allowed
<screenshots.pdf, id=180, page=9, pagebox=cropbox, 614.295pt x 794.97pt>
File: screenshots.pdf Graphic file (type pdf)
<use screenshots.pdf, page 9>
Package pdftex.def Info: screenshots.pdf , page9 used on input line 20. on inpu
t line 20.
Package pdftex.def Info: Requested size: 614.58406pt x 795.3441pt on input line
 20.
File: screenshots.pdf Graphic file (type pdf)
<use screenshots.pdf, page 9>
Package pdftex.def Info: screenshots.pdf , page9 used on input line 20. on inpu
t line 20.
Package pdftex.def Info: Requested size: 614.58406pt x 795.3441pt on input line
 20.
File: screenshots.pdf Graphic file (type pdf)
<use screenshots.pdf, page 9>
Package pdftex.def Info: screenshots.pdf , page9 used on input line 20. on inpu
t line 20.
Package pdftex.def Info: Requested size: 614.58406pt x 795.3441pt on input line
 20.
[15 <./screenshots.pdf>]

pdfTeX warning: pdflatex.exe (file ./project_retrospective.pdf): PDF inclusion:
 found PDF version <1.7>, but at most version <1.5> allowed
<project_retrospective.pdf, id=188, pagebox=cropbox, 614.295pt x 794.97pt>
File: project_retrospective.pdf Graphic file (type pdf)
<use project_retrospective.pdf>
Package pdftex.def Info: project_retrospective.pdf  used on input line 24. on i
nput line 24.
Package pdftex.def Info: Requested size: 614.29349pt x 794.96806pt on input lin
e 24.


pdfTeX warning: pdflatex.exe (file ./project_retrospective.pdf): PDF inclusion:
 found PDF version <1.7>, but at most version <1.5> allowed
File: project_retrospective.pdf Graphic file (type pdf)
<use project_retrospective.pdf>
Package pdftex.def Info: project_retrospective.pdf  used on input line 24. on i
nput line 24.
Package pdftex.def Info: Requested size: 614.29349pt x 794.96806pt on input lin
e 24.


pdfTeX warning: pdflatex.exe (file ./project_retrospective.pdf): PDF inclusion:
 found PDF version <1.7>, but at most version <1.5> allowed


pdfTeX warning: pdflatex.exe (file ./project_retrospective.pdf): PDF inclusion:
 found PDF version <1.7>, but at most version <1.5> allowed
<project_retrospective.pdf, id=191, page=1, pagebox=cropbox, 614.295pt x 794.97
pt>
File: project_retrospective.pdf Graphic file (type pdf)
<use project_retrospective.pdf, page 1>
Package pdftex.def Info: project_retrospective.pdf , page1 used on input line 2
4. on input line 24.
Package pdftex.def Info: Requested size: 614.29349pt x 794.96806pt on input lin
e 24.
File: project_retrospective.pdf Graphic file (type pdf)
<use project_retrospective.pdf, page 1>
Package pdftex.def Info: project_retrospective.pdf , page1 used on input line 2
4. on input line 24.
Package pdftex.def Info: Requested size: 614.58406pt x 795.3441pt on input line
 24.
File: project_retrospective.pdf Graphic file (type pdf)
<use project_retrospective.pdf, page 1>
Package pdftex.def Info: project_retrospective.pdf , page1 used on input line 2
4. on input line 24.
Package pdftex.def Info: Requested size: 614.58406pt x 795.3441pt on input line
 24.
File: project_retrospective.pdf Graphic file (type pdf)
<use project_retrospective.pdf, page 1>
Package pdftex.def Info: project_retrospective.pdf , page1 used on input line 2
4. on input line 24.
Package pdftex.def Info: Requested size: 614.58406pt x 795.3441pt on input line
 24.
File: project_retrospective.pdf Graphic file (type pdf)
<use project_retrospective.pdf, page 1>
Package pdftex.def Info: project_retrospective.pdf , page1 used on input line 2
4. on input line 24.
Package pdftex.def Info: Requested size: 614.58406pt x 795.3441pt on input line
 24.
[16 <./project_retrospective.pdf>]

pdfTeX warning: pdflatex.exe (file ./conclusion.pdf): PDF inclusion: found PDF 
version <1.7>, but at most version <1.5> allowed
<conclusion.pdf, id=211, pagebox=cropbox, 614.295pt x 794.97pt>
File: conclusion.pdf Graphic file (type pdf)
<use conclusion.pdf>
Package pdftex.def Info: conclusion.pdf  used on input line 27. on input line 2
7.
Package pdftex.def Info: Requested size: 614.29349pt x 794.96806pt on input lin
e 27.


pdfTeX warning: pdflatex.exe (file ./conclusion.pdf): PDF inclusion: found PDF 
version <1.7>, but at most version <1.5> allowed
File: conclusion.pdf Graphic file (type pdf)
<use conclusion.pdf>
Package pdftex.def Info: conclusion.pdf  used on input line 27. on input line 2
7.
Package pdftex.def Info: Requested size: 614.29349pt x 794.96806pt on input lin
e 27.


pdfTeX warning: pdflatex.exe (file ./conclusion.pdf): PDF inclusion: found PDF 
version <1.7>, but at most version <1.5> allowed


pdfTeX warning: pdflatex.exe (file ./conclusion.pdf): PDF inclusion: found PDF 
version <1.7>, but at most version <1.5> allowed
<conclusion.pdf, id=214, page=1, pagebox=cropbox, 614.295pt x 794.97pt>
File: conclusion.pdf Graphic file (type pdf)
<use conclusion.pdf, page 1>
Package pdftex.def Info: conclusion.pdf , page1 used on input line 27. on input
 line 27.
Package pdftex.def Info: Requested size: 614.29349pt x 794.96806pt on input lin
e 27.
File: conclusion.pdf Graphic file (type pdf)
<use conclusion.pdf, page 1>
Package pdftex.def Info: conclusion.pdf , page1 used on input line 27. on input
 line 27.
Package pdftex.def Info: Requested size: 614.58406pt x 795.3441pt on input line
 27.
File: conclusion.pdf Graphic file (type pdf)
<use conclusion.pdf, page 1>
Package pdftex.def Info: conclusion.pdf , page1 used on input line 27. on input
 line 27.
Package pdftex.def Info: Requested size: 614.58406pt x 795.3441pt on input line
 27.
File: conclusion.pdf Graphic file (type pdf)
<use conclusion.pdf, page 1>
Package pdftex.def Info: conclusion.pdf , page1 used on input line 27. on input
 line 27.
Package pdftex.def Info: Requested size: 614.58406pt x 795.3441pt on input line
 27.
File: conclusion.pdf Graphic file (type pdf)
<use conclusion.pdf, page 1>
Package pdftex.def Info: conclusion.pdf , page1 used on input line 27. on input
 line 27.
Package pdftex.def Info: Requested size: 614.58406pt x 795.3441pt on input line
 27.
[17 <./conclusion.pdf>] (./report.aux) ) 
Here is how much of TeX's memory you used:
 2811 strings out of 492990
 41596 string characters out of 6136334
 101431 words of memory out of 5000000
 6338 multiletter control sequences out of 15000+600000
 3640 words of font info for 14 fonts, out of 8000000 for 9000
 1141 hyphenation exceptions out of 8191
 41i,18n,46p,275b,428s stack positions out of 5000i,500n,10000p,200000b,80000s

Output written on report.pdf (17 pages, 1994778 bytes).
PDF statistics:
 236 PDF objects out of 1000 (max. 8388607)
 132 compressed objects within 2 object streams
 0 named destinations out of 1000 (max. 500000)
 191 words of extra memory for PDF output out of 10000 (max. 10000000)

